17:03:58 **** Build of configuration Debug for project Mc1_HMI_ECU ****
make all 
Building file: ../HMI_ECU.c
Invoking: AVR Compiler
avr-gcc -Wall -g2 -gstabs -O0 -fpack-struct -fshort-enums -ffunction-sections -fdata-sections -std=gnu99 -funsigned-char -funsigned-bitfields -mmcu=atmega32 -DF_CPU=8000000UL -MMD -MP -MF"HMI_ECU.d" -MT"HMI_ECU.o" -c -o "HMI_ECU.o" "../HMI_ECU.c"
In file included from ../HMI_ECU.c:14:
c:/winavr-20100110/lib/gcc/../../avr/include/util/delay.h:90:3: warning: #warning "Compiler optimizations disabled; functions from <util/delay.h> won't work as designed"
Finished building: ../HMI_ECU.c
 
Building file: ../Timer1.c
Invoking: AVR Compiler
avr-gcc -Wall -g2 -gstabs -O0 -fpack-struct -fshort-enums -ffunction-sections -fdata-sections -std=gnu99 -funsigned-char -funsigned-bitfields -mmcu=atmega32 -DF_CPU=8000000UL -MMD -MP -MF"Timer1.d" -MT"Timer1.o" -c -o "Timer1.o" "../Timer1.c"
../Timer1.c: In function 'Timer1_setCallBack':
../Timer1.c:110: warning: function return types not compatible due to 'volatile'
Finished building: ../Timer1.c
 
Building file: ../gpio.c
Invoking: AVR Compiler
avr-gcc -Wall -g2 -gstabs -O0 -fpack-struct -fshort-enums -ffunction-sections -fdata-sections -std=gnu99 -funsigned-char -funsigned-bitfields -mmcu=atmega32 -DF_CPU=8000000UL -MMD -MP -MF"gpio.d" -MT"gpio.o" -c -o "gpio.o" "../gpio.c"
Finished building: ../gpio.c
 
Building file: ../keypad.c
Invoking: AVR Compiler
avr-gcc -Wall -g2 -gstabs -O0 -fpack-struct -fshort-enums -ffunction-sections -fdata-sections -std=gnu99 -funsigned-char -funsigned-bitfields -mmcu=atmega32 -DF_CPU=8000000UL -MMD -MP -MF"keypad.d" -MT"keypad.o" -c -o "keypad.o" "../keypad.c"
In file included from ../keypad.c:15:
c:/winavr-20100110/lib/gcc/../../avr/include/util/delay.h:90:3: warning: #warning "Compiler optimizations disabled; functions from <util/delay.h> won't work as designed"
Finished building: ../keypad.c
 
Building file: ../lcd.c
Invoking: AVR Compiler
avr-gcc -Wall -g2 -gstabs -O0 -fpack-struct -fshort-enums -ffunction-sections -fdata-sections -std=gnu99 -funsigned-char -funsigned-bitfields -mmcu=atmega32 -DF_CPU=8000000UL -MMD -MP -MF"lcd.d" -MT"lcd.o" -c -o "lcd.o" "../lcd.c"
In file included from ../lcd.c:13:
c:/winavr-20100110/lib/gcc/../../avr/include/util/delay.h:90:3: warning: #warning "Compiler optimizations disabled; functions from <util/delay.h> won't work as designed"
../lcd.c: In function 'LCD_intgerToString':
../lcd.c:209: warning: implicit declaration of function 'itoa'
Finished building: ../lcd.c
 
Building file: ../uart.c
Invoking: AVR Compiler
avr-gcc -Wall -g2 -gstabs -O0 -fpack-struct -fshort-enums -ffunction-sections -fdata-sections -std=gnu99 -funsigned-char -funsigned-bitfields -mmcu=atmega32 -DF_CPU=8000000UL -MMD -MP -MF"uart.d" -MT"uart.o" -c -o "uart.o" "../uart.c"
Finished building: ../uart.c
 
Building target: Mc1_HMI_ECU.elf
Invoking: AVR C Linker
avr-gcc -Wl,-Map,Mc1_HMI_ECU.map -mmcu=atmega32 -o "Mc1_HMI_ECU.elf"  ./HMI_ECU.o ./Timer1.o ./gpio.o ./keypad.o ./lcd.o ./uart.o   
Finished building target: Mc1_HMI_ECU.elf
 
Invoking: AVR Create Extended Listing
avr-objdump -h -S Mc1_HMI_ECU.elf  >"Mc1_HMI_ECU.lss"
Finished building: Mc1_HMI_ECU.lss
 
Invoking: Print Size
avr-size --format=avr --mcu=atmega32 Mc1_HMI_ECU.elf
AVR Memory Usage
----------------
Device: atmega32

Program:   11714 bytes (35.7% Full)
(.text + .data + .bootloader)

Data:        166 bytes (8.1% Full)
(.data + .bss + .noinit)


Finished building: sizedummy
 
17:04:00 **** Build of configuration Debug for project Mc2_Control_ECU ****
make all 
Building file: ../Mc2_Control_ECU.c
Invoking: AVR Compiler
avr-gcc -Wall -g2 -gstabs -O0 -fpack-struct -fshort-enums -ffunction-sections -fdata-sections -std=gnu99 -funsigned-char -funsigned-bitfields -mmcu=atmega32 -DF_CPU=8000000UL -MMD -MP -MF"Mc2_Control_ECU.d" -MT"Mc2_Control_ECU.o" -c -o "Mc2_Control_ECU.o" "../Mc2_Control_ECU.c"
In file included from ../Mc2_Control_ECU.c:14:
c:/winavr-20100110/lib/gcc/../../avr/include/util/delay.h:90:3: warning: #warning "Compiler optimizations disabled; functions from <util/delay.h> won't work as designed"
Finished building: ../Mc2_Control_ECU.c
 
Building file: ../Timer1.c
Invoking: AVR Compiler
avr-gcc -Wall -g2 -gstabs -O0 -fpack-struct -fshort-enums -ffunction-sections -fdata-sections -std=gnu99 -funsigned-char -funsigned-bitfields -mmcu=atmega32 -DF_CPU=8000000UL -MMD -MP -MF"Timer1.d" -MT"Timer1.o" -c -o "Timer1.o" "../Timer1.c"
../Timer1.c: In function 'Timer1_setCallBack':
../Timer1.c:109: warning: function return types not compatible due to 'volatile'
Finished building: ../Timer1.c
 
Building file: ../buzzer.c
Invoking: AVR Compiler
avr-gcc -Wall -g2 -gstabs -O0 -fpack-struct -fshort-enums -ffunction-sections -fdata-sections -std=gnu99 -funsigned-char -funsigned-bitfields -mmcu=atmega32 -DF_CPU=8000000UL -MMD -MP -MF"buzzer.d" -MT"buzzer.o" -c -o "buzzer.o" "../buzzer.c"
Finished building: ../buzzer.c
 
Building file: ../dc_motor.c
Invoking: AVR Compiler
avr-gcc -Wall -g2 -gstabs -O0 -fpack-struct -fshort-enums -ffunction-sections -fdata-sections -std=gnu99 -funsigned-char -funsigned-bitfields -mmcu=atmega32 -DF_CPU=8000000UL -MMD -MP -MF"dc_motor.d" -MT"dc_motor.o" -c -o "dc_motor.o" "../dc_motor.c"
Finished building: ../dc_motor.c
 
Building file: ../external_eeprom.c
Invoking: AVR Compiler
avr-gcc -Wall -g2 -gstabs -O0 -fpack-struct -fshort-enums -ffunction-sections -fdata-sections -std=gnu99 -funsigned-char -funsigned-bitfields -mmcu=atmega32 -DF_CPU=8000000UL -MMD -MP -MF"external_eeprom.d" -MT"external_eeprom.o" -c -o "external_eeprom.o" "../external_eeprom.c"
Finished building: ../external_eeprom.c
 
Building file: ../gpio.c
Invoking: AVR Compiler
avr-gcc -Wall -g2 -gstabs -O0 -fpack-struct -fshort-enums -ffunction-sections -fdata-sections -std=gnu99 -funsigned-char -funsigned-bitfields -mmcu=atmega32 -DF_CPU=8000000UL -MMD -MP -MF"gpio.d" -MT"gpio.o" -c -o "gpio.o" "../gpio.c"
Finished building: ../gpio.c
 
Building file: ../pwm.c
Invoking: AVR Compiler
avr-gcc -Wall -g2 -gstabs -O0 -fpack-struct -fshort-enums -ffunction-sections -fdata-sections -std=gnu99 -funsigned-char -funsigned-bitfields -mmcu=atmega32 -DF_CPU=8000000UL -MMD -MP -MF"pwm.d" -MT"pwm.o" -c -o "pwm.o" "../pwm.c"
Finished building: ../pwm.c
 
Building file: ../twi.c
Invoking: AVR Compiler
avr-gcc -Wall -g2 -gstabs -O0 -fpack-struct -fshort-enums -ffunction-sections -fdata-sections -std=gnu99 -funsigned-char -funsigned-bitfields -mmcu=atmega32 -DF_CPU=8000000UL -MMD -MP -MF"twi.d" -MT"twi.o" -c -o "twi.o" "../twi.c"
Finished building: ../twi.c
 
Building file: ../uart.c
Invoking: AVR Compiler
avr-gcc -Wall -g2 -gstabs -O0 -fpack-struct -fshort-enums -ffunction-sections -fdata-sections -std=gnu99 -funsigned-char -funsigned-bitfields -mmcu=atmega32 -DF_CPU=8000000UL -MMD -MP -MF"uart.d" -MT"uart.o" -c -o "uart.o" "../uart.c"
Finished building: ../uart.c
 
Building target: Mc2_Control_ECU.elf
Invoking: AVR C Linker
avr-gcc -Wl,-Map,Mc2_Control_ECU.map -mmcu=atmega32 -o "Mc2_Control_ECU.elf"  ./Mc2_Control_ECU.o ./Timer1.o ./buzzer.o ./dc_motor.o ./external_eeprom.o ./gpio.o ./pwm.o ./twi.o ./uart.o   
Finished building target: Mc2_Control_ECU.elf
 
Invoking: AVR Create Extended Listing
avr-objdump -h -S Mc2_Control_ECU.elf  >"Mc2_Control_ECU.lss"
Finished building: Mc2_Control_ECU.lss
 
Invoking: Print Size
avr-size --format=avr --mcu=atmega32 Mc2_Control_ECU.elf
AVR Memory Usage
----------------
Device: atmega32

Program:    9228 bytes (28.2% Full)
(.text + .data + .bootloader)

Data:         25 bytes (1.2% Full)
(.data + .bss + .noinit)


Finished building: sizedummy
 
17:09:02 **** Incremental Build of configuration Debug for project Mc1_HMI_ECU ****
make all 
Invoking: Print Size
avr-size --format=avr --mcu=atmega32 Mc1_HMI_ECU.elf
AVR Memory Usage
----------------
Device: atmega32

Program:   11714 bytes (35.7% Full)
(.text + .data + .bootloader)

Data:        166 bytes (8.1% Full)
(.data + .bss + .noinit)


Finished building: sizedummy
 
17:09:02 **** Incremental Build of configuration Debug for project Mc2_Control_ECU ****
make all 
Building file: ../Mc2_Control_ECU.c
Invoking: AVR Compiler
avr-gcc -Wall -g2 -gstabs -O0 -fpack-struct -fshort-enums -ffunction-sections -fdata-sections -std=gnu99 -funsigned-char -funsigned-bitfields -mmcu=atmega32 -DF_CPU=8000000UL -MMD -MP -MF"Mc2_Control_ECU.d" -MT"Mc2_Control_ECU.o" -c -o "Mc2_Control_ECU.o" "../Mc2_Control_ECU.c"
In file included from ../Mc2_Control_ECU.c:14:
c:/winavr-20100110/lib/gcc/../../avr/include/util/delay.h:90:3: warning: #warning "Compiler optimizations disabled; functions from <util/delay.h> won't work as designed"
Finished building: ../Mc2_Control_ECU.c
 
Building target: Mc2_Control_ECU.elf
Invoking: AVR C Linker
avr-gcc -Wl,-Map,Mc2_Control_ECU.map -mmcu=atmega32 -o "Mc2_Control_ECU.elf"  ./Mc2_Control_ECU.o ./Timer1.o ./buzzer.o ./dc_motor.o ./external_eeprom.o ./gpio.o ./pwm.o ./twi.o ./uart.o   
Finished building target: Mc2_Control_ECU.elf
 
Invoking: AVR Create Extended Listing
avr-objdump -h -S Mc2_Control_ECU.elf  >"Mc2_Control_ECU.lss"
Finished building: Mc2_Control_ECU.lss
 
Invoking: Print Size
avr-size --format=avr --mcu=atmega32 Mc2_Control_ECU.elf
AVR Memory Usage
----------------
Device: atmega32

Program:    9230 bytes (28.2% Full)
(.text + .data + .bootloader)

Data:         25 bytes (1.2% Full)
(.data + .bss + .noinit)


Finished building: sizedummy
 
17:14:26 **** Incremental Build of configuration Debug for project Mc1_HMI_ECU ****
make all 
Invoking: Print Size
avr-size --format=avr --mcu=atmega32 Mc1_HMI_ECU.elf
AVR Memory Usage
----------------
Device: atmega32

Program:   11714 bytes (35.7% Full)
(.text + .data + .bootloader)

Data:        166 bytes (8.1% Full)
(.data + .bss + .noinit)


Finished building: sizedummy
 
17:14:26 **** Incremental Build of configuration Debug for project Mc2_Control_ECU ****
make all 
Building file: ../Mc2_Control_ECU.c
Invoking: AVR Compiler
avr-gcc -Wall -g2 -gstabs -O0 -fpack-struct -fshort-enums -ffunction-sections -fdata-sections -std=gnu99 -funsigned-char -funsigned-bitfields -mmcu=atmega32 -DF_CPU=8000000UL -MMD -MP -MF"Mc2_Control_ECU.d" -MT"Mc2_Control_ECU.o" -c -o "Mc2_Control_ECU.o" "../Mc2_Control_ECU.c"
In file included from ../Mc2_Control_ECU.c:14:
c:/winavr-20100110/lib/gcc/../../avr/include/util/delay.h:90:3: warning: #warning "Compiler optimizations disabled; functions from <util/delay.h> won't work as designed"
Finished building: ../Mc2_Control_ECU.c
 
Building target: Mc2_Control_ECU.elf
Invoking: AVR C Linker
avr-gcc -Wl,-Map,Mc2_Control_ECU.map -mmcu=atmega32 -o "Mc2_Control_ECU.elf"  ./Mc2_Control_ECU.o ./Timer1.o ./buzzer.o ./dc_motor.o ./external_eeprom.o ./gpio.o ./pwm.o ./twi.o ./uart.o   
Finished building target: Mc2_Control_ECU.elf
 
Invoking: AVR Create Extended Listing
avr-objdump -h -S Mc2_Control_ECU.elf  >"Mc2_Control_ECU.lss"
Finished building: Mc2_Control_ECU.lss
 
Invoking: Print Size
avr-size --format=avr --mcu=atmega32 Mc2_Control_ECU.elf
AVR Memory Usage
----------------
Device: atmega32

Program:    9228 bytes (28.2% Full)
(.text + .data + .bootloader)

Data:         25 bytes (1.2% Full)
(.data + .bss + .noinit)


Finished building: sizedummy
 
17:14:33 **** Incremental Build of configuration Debug for project Mc1_HMI_ECU ****
make all 
Invoking: Print Size
avr-size --format=avr --mcu=atmega32 Mc1_HMI_ECU.elf
AVR Memory Usage
----------------
Device: atmega32

Program:   11714 bytes (35.7% Full)
(.text + .data + .bootloader)

Data:        166 bytes (8.1% Full)
(.data + .bss + .noinit)


Finished building: sizedummy
 
17:14:33 **** Incremental Build of configuration Debug for project Mc2_Control_ECU ****
make all 
Invoking: Print Size
avr-size --format=avr --mcu=atmega32 Mc2_Control_ECU.elf
AVR Memory Usage
----------------
Device: atmega32

Program:    9228 bytes (28.2% Full)
(.text + .data + .bootloader)

Data:         25 bytes (1.2% Full)
(.data + .bss + .noinit)


Finished building: sizedummy
 
